<?xml version="1.0" encoding="utf-8"?><testsuites name="pytest tests"><testsuite name="pytest" errors="0" failures="0" skipped="0" tests="6" time="1.992" timestamp="2026-09-25T22:20:42.688066+00:00" hostname="agent-env-97432206-0969-4ca7-aa77-15fb444295da"><testcase classname="tests.test_settings_referral" name="test_get_settings_no_instagram_or_primary_color" time="0.478" /><testcase classname="tests.test_settings_referral" name="test_put_settings_invalid_signal_150_returns_422" time="0.134" /><testcase classname="tests.test_settings_referral" name="test_put_settings_zero_signal_ok_and_appointments_reflect" time="0.210" /><testcase classname="tests.test_settings_referral" name="test_public_config_includes_referral_enabled" time="0.139" /><testcase classname="tests.test_settings_referral" name="test_register_with_referral_code_while_disabled_returns_400" time="0.460" /><testcase classname="tests.test_settings_referral" name="test_restore_defaults" time="0.514" /></testsuite></testsuites>