<?xml version="1.0" encoding="utf-8"?><testsuites name="pytest tests"><testsuite name="pytest" errors="0" failures="0" skipped="0" tests="5" time="4.842" timestamp="2026-09-20T18:58:44.301505+00:00" hostname="agent-env-97432206-0969-4ca7-aa77-15fb444295da"><testcase classname="tests.test_platform_admins" name="test_admins_requires_auth" time="0.211" /><testcase classname="tests.test_platform_admins" name="test_admins_forbidden_for_manager" time="0.500" /><testcase classname="tests.test_platform_admins" name="test_admins_list_and_create_and_delete" time="1.158" /><testcase classname="tests.test_platform_admins" name="test_forgot_password_returns_200_and_logs" time="2.342" /><testcase classname="tests.test_platform_admins" name="test_forgot_password_unknown_email_returns_200" time="0.154" /></testsuite></testsuites>