<?xml version="1.0" encoding="utf-8"?><testsuites name="pytest tests"><testsuite name="pytest" errors="0" failures="0" skipped="0" tests="7" time="6.004" timestamp="2026-09-20T18:46:32.127535+00:00" hostname="agent-env-97432206-0969-4ca7-aa77-15fb444295da"><testcase classname="tests.test_auth_flows" name="test_login_history_requires_auth" time="0.189" /><testcase classname="tests.test_auth_flows" name="test_login_history_authenticated" time="1.520" /><testcase classname="tests.test_auth_flows" name="test_forgot_password_unknown_email_returns_ok" time="0.141" /><testcase classname="tests.test_auth_flows" name="test_forgot_password_known_email_returns_ok_and_logs_link" time="0.160" /><testcase classname="tests.test_auth_flows" name="test_reset_password_invalid_token" time="0.129" /><testcase classname="tests.test_auth_flows" name="test_reset_token_reuse_returns_400" time="1.707" /><testcase classname="tests.test_auth_flows" name="test_change_password_wrong_current" time="1.639" /></testsuite></testsuites>