<?xml version="1.0" encoding="utf-8"?><testsuites name="pytest tests"><testsuite name="pytest" errors="0" failures="0" skipped="1" tests="6" time="2.357" timestamp="2026-09-23T16:52:17.632606+00:00" hostname="agent-env-97432206-0969-4ca7-aa77-15fb444295da"><testcase classname="tests.test_quick_booking" name="test_clients_scope_all_as_professional" time="0.500" /><testcase classname="tests.test_quick_booking" name="test_quick_booking_outside_hours_as_professional" time="0.082" /><testcase classname="tests.test_quick_booking" name="test_non_quick_outside_hours_returns_409" time="0.075" /><testcase classname="tests.test_quick_booking" name="test_professional_cannot_quick_for_another_pro" time="0.504"><skipped type="pytest.skip" message="No other active professional to test against">/app/backend/tests/test_quick_booking.py:105: No other active professional to test against</skipped></testcase><testcase classname="tests.test_quick_booking" name="test_client_cannot_quick_book" time="0.652" /><testcase classname="tests.test_quick_booking" name="test_quick_booking_appears_in_appointments_list" time="0.086" /></testsuite></testsuites>