<?xml version="1.0" encoding="utf-8"?><testsuites name="pytest tests"><testsuite name="pytest" errors="0" failures="0" skipped="1" tests="5" time="2.729" timestamp="2026-09-24T21:02:16.881616+00:00" hostname="agent-env-97432206-0969-4ca7-aa77-15fb444295da"><testcase classname="tests.test_reminders_reschedule" name="test_reminders_as_manager" time="0.725" /><testcase classname="tests.test_reminders_reschedule" name="test_reminders_as_client_forbidden" time="0.528" /><testcase classname="tests.test_reminders_reschedule" name="test_reminders_as_pro_scoped" time="0.540" /><testcase classname="tests.test_reminders_reschedule" name="test_reschedule_outside_hours_conflict_then_force" time="0.358" /><testcase classname="tests.test_reminders_reschedule" name="test_reschedule_other_pro_forbidden" time="0.082"><skipped type="pytest.skip" message="No appointment of another professional available">/app/backend/tests/test_reminders_reschedule.py:146: No appointment of another professional available</skipped></testcase></testsuite></testsuites>