<?xml version="1.0" encoding="utf-8"?><testsuites name="pytest tests"><testsuite name="pytest" errors="0" failures="0" skipped="0" tests="3" time="1.326" timestamp="2026-09-20T19:25:45.423226+00:00" hostname="agent-env-97432206-0969-4ca7-aa77-15fb444295da"><testcase classname="tests.test_upload" name="test_upload_multipart_success" time="0.575" /><testcase classname="tests.test_upload" name="test_upload_missing_file_returns_422" time="0.090" /><testcase classname="tests.test_upload" name="test_settings_put_json_still_works" time="0.164" /></testsuite></testsuites>