<?xml version="1.0" encoding="utf-8"?><testsuites name="pytest tests"><testsuite name="pytest" errors="0" failures="0" skipped="1" tests="9" time="1.699" timestamp="2026-09-23T17:17:21.438005+00:00" hostname="agent-env-97432206-0969-4ca7-aa77-15fb444295da"><testcase classname="tests.test_whatsapp_notify.TestProfessionalPhoneRequired" name="test_create_without_phone_returns_422" time="0.516" /><testcase classname="tests.test_whatsapp_notify.TestProfessionalPhoneRequired" name="test_create_with_empty_phone_returns_422" time="0.043" /><testcase classname="tests.test_whatsapp_notify.TestWhatsAppTargets" name="test_manager_gets_client_and_professional_targets" time="0.565" /><testcase classname="tests.test_whatsapp_notify.TestProfessionalPhoneRequired" name="test_update_with_empty_phone_returns_400" time="0.275" /><testcase classname="tests.test_whatsapp_notify.TestWhatsAppTargets" name="test_professional_target_excludes_self" time="0.322" /><testcase classname="tests.test_whatsapp_notify.TestWhatsAppTargets" name="test_client_only_professional_targets" time="0.317" /><testcase classname="tests.test_whatsapp_notify.TestWhatsAppTargets" name="test_client_cannot_access_other_appointment" time="0.043" /><testcase classname="tests.test_whatsapp_notify.TestWhatsAppTargets" name="test_client_target_empty_wa_url_when_no_phone" time="0.005" /><testcase classname="tests.test_whatsapp_notify.TestWhatsAppTargets" name="test_text_content_for_waiting" time="0.000"><skipped type="pytest.skip" message="no waiting appointment with phone">/app/backend/tests/test_whatsapp_notify.py:139: no waiting appointment with phone</skipped></testcase></testsuite></testsuites>